Using pre-set license
Built from '2021.3/staging' branch; Version is '2021.3.18f1 (3129e69bc0c7) revision 3221990'; Using compiler version '192829333'; Build Type 'Release'
OS: 'Windows 10  (10.0.19044) 64bit CoreSingleLanguage' Language: 'tr' Physical Memory: 16204 MB
BatchMode: 1, IsHumanControllingUs: 0, StartBugReporterOnCrash: 0, Is64bit: 1, IsPro: 1

COMMAND LINE ARGUMENTS:
C:\Program Files\Unity\Hub\Editor\2021.3.18f1\Editor\Unity.exe
-adb2
-batchMode
-noUpm
-name
AssetImportWorker0
-projectPath
D:/UnityProjects/Essentials 3D project
-logFile
Logs/AssetImportWorker0.log
-srvPort
58387
Successfully changed project path to: D:/UnityProjects/Essentials 3D project
D:/UnityProjects/Essentials 3D project
[UnityMemory] Configuration Parameters - Can be set up in boot.config
    "memorysetup-bucket-allocator-granularity=16"
    "memorysetup-bucket-allocator-bucket-count=8"
    "memorysetup-bucket-allocator-block-size=33554432"
    "memorysetup-bucket-allocator-block-count=8"
    "memorysetup-main-allocator-block-size=16777216"
    "memorysetup-thread-allocator-block-size=16777216"
    "memorysetup-gfx-main-allocator-block-size=16777216"
    "memorysetup-gfx-thread-allocator-block-size=16777216"
    "memorysetup-cache-allocator-block-size=4194304"
    "memorysetup-typetree-allocator-block-size=2097152"
    "memorysetup-profiler-bucket-allocator-granularity=16"
    "memorysetup-profiler-bucket-allocator-bucket-count=8"
    "memorysetup-profiler-bucket-allocator-block-size=33554432"
    "memorysetup-profiler-bucket-allocator-block-count=8"
    "memorysetup-profiler-allocator-block-size=16777216"
    "memorysetup-profiler-editor-allocator-block-size=1048576"
    "memorysetup-temp-allocator-size-main=16777216"
    "memorysetup-job-temp-allocator-block-size=2097152"
    "memorysetup-job-temp-allocator-block-size-background=1048576"
    "memorysetup-job-temp-allocator-reduction-small-platforms=262144"
    "memorysetup-temp-allocator-size-background-worker=32768"
    "memorysetup-temp-allocator-size-job-worker=262144"
    "memorysetup-temp-allocator-size-preload-manager=33554432"
    "memorysetup-temp-allocator-size-nav-mesh-worker=65536"
    "memorysetup-temp-allocator-size-audio-worker=65536"
    "memorysetup-temp-allocator-size-cloud-worker=32768"
    "memorysetup-temp-allocator-size-gi-baking-worker=262144"
    "memorysetup-temp-allocator-size-gfx=262144"
Player connection [1456] Host "[IP] 192.168.1.102 [Port] 0 [Flags] 2 [Guid] 2177445827 [EditorId] 2177445827 [Version] 1048832 [Id] WindowsEditor(7,MSI) [Debug] 1 [PackageName] WindowsEditor [ProjectName] Editor" joined multi-casting on [225.0.0.222:54997]...

Player connection [1456] Host "[IP] 192.168.1.102 [Port] 0 [Flags] 2 [Guid] 2177445827 [EditorId] 2177445827 [Version] 1048832 [Id] WindowsEditor(7,MSI) [Debug] 1 [PackageName] WindowsEditor [ProjectName] Editor" joined alternative multi-casting on [225.0.0.222:34997]...

Refreshing native plugins compatible for Editor in 71.64 ms, found 3 plugins.
Preloading 0 native plugins for Editor in 0.00 ms.
Initialize engine version: 2021.3.18f1 (3129e69bc0c7)
[Subsystems] Discovering subsystems at path C:/Program Files/Unity/Hub/Editor/2021.3.18f1/Editor/Data/Resources/UnitySubsystems
[Subsystems] Discovering subsystems at path D:/UnityProjects/Essentials 3D project/Assets
GfxDevice: creating device client; threaded=0; jobified=0
Direct3D:
    Version:  Direct3D 11.0 [level 11.1]
    Renderer: NVIDIA GeForce RTX 2060 (ID=0x1f15)
    Vendor:   NVIDIA
    VRAM:     5980 MB
    Driver:   26.21.14.4223
Initialize mono
Mono path[0] = 'C:/Program Files/Unity/Hub/Editor/2021.3.18f1/Editor/Data/Managed'
Mono path[1] = 'C:/Program Files/Unity/Hub/Editor/2021.3.18f1/Editor/Data/MonoBleedingEdge/lib/mono/unityjit-win32'
Mono config path = 'C:/Program Files/Unity/Hub/Editor/2021.3.18f1/Editor/Data/MonoBleedingEdge/etc'
Using monoOptions --debugger-agent=transport=dt_socket,embedding=1,server=y,suspend=n,address=127.0.0.1:56320
Begin MonoManager ReloadAssembly
Registering precompiled unity dll's ...
Register platform support module: C:/Program Files/Unity/Hub/Editor/2021.3.18f1/Editor/Data/PlaybackEngines/WebGLSupport/UnityEditor.WebGL.Extensions.dll
Register platform support module: C:/Program Files/Unity/Hub/Editor/2021.3.18f1/Editor/Data/PlaybackEngines/WindowsStandaloneSupport/UnityEditor.WindowsStandalone.Extensions.dll
Registered in 0.009122 seconds.
Native extension for WindowsStandalone target not found
Native extension for WebGL target not found
Refreshing native plugins compatible for Editor in 74.06 ms, found 3 plugins.
Preloading 0 native plugins for Editor in 0.00 ms.
Mono: successfully reloaded assembly
- Completed reload, in  0.583 seconds
Domain Reload Profiling:
	ReloadAssembly (583ms)
		BeginReloadAssembly (72ms)
			ExecutionOrderSort (0ms)
			DisableScriptedObjects (0ms)
			BackupInstance (0ms)
			ReleaseScriptingObjects (0ms)
			CreateAndSetChildDomain (1ms)
		EndReloadAssembly (403ms)
			LoadAssemblies (69ms)
			RebuildTransferFunctionScriptingTraits (0ms)
			SetupTypeCache (95ms)
			ReleaseScriptCaches (0ms)
			RebuildScriptCaches (27ms)
			SetupLoadedEditorAssemblies (234ms)
				LogAssemblyErrors (0ms)
				InitializePlatformSupportModulesInManaged (9ms)
				SetLoadedEditorAssemblies (0ms)
				RefreshPlugins (74ms)
				BeforeProcessingInitializeOnLoad (1ms)
				ProcessInitializeOnLoadAttributes (110ms)
				ProcessInitializeOnLoadMethodAttributes (39ms)
				AfterProcessingInitializeOnLoad (0ms)
				EditorAssembliesLoaded (0ms)
			ExecutionOrderSort2 (0ms)
			AwakeInstancesAfterBackupRestoration (0ms)
Platform modules already initialized, skipping
Registering precompiled user dll's ...
Registered in 0.003066 seconds.
Begin MonoManager ReloadAssembly
Symbol file LoadedFromMemory doesn't match image D:\UnityProjects\Essentials 3D project\Library\PackageCache\com.unity.visualscripting@1.8.0\Editor\VisualScripting.Core\Dependencies\YamlDotNet\Unity.VisualScripting.YamlDotNet.dll
Symbol file LoadedFromMemory doesn't match image D:\UnityProjects\Essentials 3D project\Library\PackageCache\com.unity.visualscripting@1.8.0\Editor\VisualScripting.Core\Dependencies\DotNetZip\Unity.VisualScripting.IonicZip.dll
Native extension for WindowsStandalone target not found
Native extension for WebGL target not found
Refreshing native plugins compatible for Editor in 0.49 ms, found 3 plugins.
Preloading 0 native plugins for Editor in 0.00 ms.
Mono: successfully reloaded assembly
- Completed reload, in  0.893 seconds
Domain Reload Profiling:
	ReloadAssembly (893ms)
		BeginReloadAssembly (102ms)
			ExecutionOrderSort (0ms)
			DisableScriptedObjects (6ms)
			BackupInstance (0ms)
			ReleaseScriptingObjects (0ms)
			CreateAndSetChildDomain (16ms)
		EndReloadAssembly (687ms)
			LoadAssemblies (71ms)
			RebuildTransferFunctionScriptingTraits (0ms)
			SetupTypeCache (242ms)
			ReleaseScriptCaches (1ms)
			RebuildScriptCaches (43ms)
			SetupLoadedEditorAssemblies (306ms)
				LogAssemblyErrors (0ms)
				InitializePlatformSupportModulesInManaged (7ms)
				SetLoadedEditorAssemblies (0ms)
				RefreshPlugins (1ms)
				BeforeProcessingInitializeOnLoad (81ms)
				ProcessInitializeOnLoadAttributes (186ms)
				ProcessInitializeOnLoadMethodAttributes (21ms)
				AfterProcessingInitializeOnLoad (10ms)
				EditorAssembliesLoaded (0ms)
			ExecutionOrderSort2 (0ms)
			AwakeInstancesAfterBackupRestoration (5ms)
Platform modules already initialized, skipping
========================================================================
Worker process is ready to serve import requests
Launched and connected shader compiler UnityShaderCompiler.exe after 0.04 seconds
Refreshing native plugins compatible for Editor in 0.55 ms, found 3 plugins.
Preloading 0 native plugins for Editor in 0.00 ms.
Unloading 3066 Unused Serialized files (Serialized files now loaded: 0)
Unloading 25 unused Assets / (113.4 KB). Loaded Objects now: 3529.
Memory consumption went from 108.7 MB to 108.6 MB.
Total: 2.699700 ms (FindLiveObjects: 0.257700 ms CreateObjectMapping: 0.192800 ms MarkObjects: 2.159300 ms  DeleteObjects: 0.089000 ms)

AssetImportParameters requested are different than current active one (requested -> active):
  custom:video-decoder-ogg-theora: a1e56fd34408186e4bbccfd4996cb3dc -> 
  custom:container-muxer-webm: aa71ff27fc2769a1b78a27578f13a17b -> 
  custom:container-demuxer-webm: 4f35f7cbe854078d1ac9338744f61a02 -> 
  custom:video-encoder-webm-vp8: eb34c28f22e8b96e1ab97ce403110664 -> 
  custom:audio-encoder-webm-vorbis: bf7c407c2cedff20999df2af8eb42d56 -> 
  custom:framework-win-MediaFoundation: 216162199b28c13a410421893ffa2e32 -> 
  custom:container-demuxer-ogg: 62fdf1f143b41e24485cea50d1cbac27 -> 
  custom:video-decoder-webm-vp8: 9c59270c3fd7afecdb556c50c9e8de78 -> 
  custom:audio-decoder-ogg-vorbis: bf7c407c2cedff20999df2af8eb42d56 -> 
========================================================================
Received Import Request.
  Time since last request: 168112.262595 seconds.
  path: Assets/BrickMaterial.mat
  artifactKey: Guid(050155c7cbe64ec4591a9cc2b8d3130b) Importer(815301076,1909f56bfc062723c751e8b465ee728b)
Start importing Assets/BrickMaterial.mat using Guid(050155c7cbe64ec4591a9cc2b8d3130b) Importer(815301076,1909f56bfc062723c751e8b465ee728b)  -> (artifact id: '3876cc0138559cec106bc49f7a5f332c') in 0.113428 seconds 
========================================================================
Received Import Request.
  Time since last request: 242.860910 seconds.
  path: Assets/BouncyBall.physicMaterial
  artifactKey: Guid(7b9a585bcd16cd34aaed717f545767a1) Importer(2089858483,0ecaa5967403d082aa24f35e1b516d23)
Start importing Assets/BouncyBall.physicMaterial using Guid(7b9a585bcd16cd34aaed717f545767a1) Importer(2089858483,0ecaa5967403d082aa24f35e1b516d23) Generated GUIDs only implemented for interfaces!
 -> (artifact id: '83d030c59647f6804e0cd0815b6863ca') in 0.100168 seconds 
========================================================================
Received Import Request.
  Time since last request: 0.000019 seconds.
  path: Assets/Tree_Textures/New Material 2.mat
  artifactKey: Guid(d9d20122d790bf14680a423da589a9ed) Importer(2089858483,0ecaa5967403d082aa24f35e1b516d23)
Start importing Assets/Tree_Textures/New Material 2.mat using Guid(d9d20122d790bf14680a423da589a9ed) Importer(2089858483,0ecaa5967403d082aa24f35e1b516d23) Generated GUIDs only implemented for interfaces!
 -> (artifact id: 'eb3e58cbdbe0d33e159c4405bb2dfa3e') in 0.014382 seconds 
========================================================================
Received Import Request.
  Time since last request: 0.000020 seconds.
  path: Assets/AddOns/MgLEGO Danger Zone/Textures/Stickers/Big Trophy.png
  artifactKey: Guid(7bb3db68815084240b77a91630be3848) Importer(2089858483,0ecaa5967403d082aa24f35e1b516d23)
Start importing Assets/AddOns/MgLEGO Danger Zone/Textures/Stickers/Big Trophy.png using Guid(7bb3db68815084240b77a91630be3848) Importer(2089858483,0ecaa5967403d082aa24f35e1b516d23) Generated GUIDs only implemented for interfaces!
 -> (artifact id: 'a5259144c31af15dfa88f83cb6839180') in 0.049751 seconds 
========================================================================
Received Import Request.
  Time since last request: 0.000017 seconds.
  path: Assets/Herringbone_Brick_baseColor.png
  artifactKey: Guid(ff0b3fcb16a88c6499856af3f3109bbc) Importer(2089858483,0ecaa5967403d082aa24f35e1b516d23)
Start importing Assets/Herringbone_Brick_baseColor.png using Guid(ff0b3fcb16a88c6499856af3f3109bbc) Importer(2089858483,0ecaa5967403d082aa24f35e1b516d23) Generated GUIDs only implemented for interfaces!
 -> (artifact id: 'c68f365754967826b939f08d0a27e25e') in 0.017179 seconds 
========================================================================
Received Import Request.
  Time since last request: 0.000025 seconds.
  path: Assets/AddOns/MgLEGO Danger Zone/Audio/LEGO Behaviour Bricks/Pickup - Star.ogg
  artifactKey: Guid(34fafe0d866334c4d96a7432e521fa3c) Importer(2089858483,0ecaa5967403d082aa24f35e1b516d23)
Start importing Assets/AddOns/MgLEGO Danger Zone/Audio/LEGO Behaviour Bricks/Pickup - Star.ogg using Guid(34fafe0d866334c4d96a7432e521fa3c) Importer(2089858483,0ecaa5967403d082aa24f35e1b516d23) Generated GUIDs only implemented for interfaces!
 -> (artifact id: 'bebf33c85d4fb3ba25a425525aee1dc2') in 0.062158 seconds 
========================================================================
Received Import Request.
  Time since last request: 0.000014 seconds.
  path: Assets/AddOns/MgLEGO Danger Zone/Scenes/Danger Zone.unity
  artifactKey: Guid(3a4b6386e05e14a52b96390dd0fb3f8f) Importer(2089858483,0ecaa5967403d082aa24f35e1b516d23)
Start importing Assets/AddOns/MgLEGO Danger Zone/Scenes/Danger Zone.unity using Guid(3a4b6386e05e14a52b96390dd0fb3f8f) Importer(2089858483,0ecaa5967403d082aa24f35e1b516d23) Generated GUIDs only implemented for interfaces!
 -> (artifact id: 'fb552d23d57251f2f9ae2c34e608d658') in 0.003811 seconds 
========================================================================
Received Import Request.
  Time since last request: 0.000017 seconds.
  path: Assets/AddOns/MgLEGO Danger Zone/Prefabs/LEGO Models/Obstacles/Bridge Long.prefab
  artifactKey: Guid(270e4c61db13541eb865ad774df18655) Importer(2089858483,0ecaa5967403d082aa24f35e1b516d23)
Start importing Assets/AddOns/MgLEGO Danger Zone/Prefabs/LEGO Models/Obstacles/Bridge Long.prefab using Guid(270e4c61db13541eb865ad774df18655) Importer(2089858483,0ecaa5967403d082aa24f35e1b516d23) Generated GUIDs only implemented for interfaces!
 -> (artifact id: '91591544ee95953e769ca06ff00bafad') in 0.122857 seconds 
========================================================================
Received Import Request.
  Time since last request: 0.000038 seconds.
  path: Assets/AddOns/MgLEGO Danger Zone/Prefabs/LEGO Models/Obstacles/Platform Large.prefab
  artifactKey: Guid(07acca155f0b9432bb965ee04c90c7f1) Importer(2089858483,0ecaa5967403d082aa24f35e1b516d23)
Start importing Assets/AddOns/MgLEGO Danger Zone/Prefabs/LEGO Models/Obstacles/Platform Large.prefab using Guid(07acca155f0b9432bb965ee04c90c7f1) Importer(2089858483,0ecaa5967403d082aa24f35e1b516d23) Generated GUIDs only implemented for interfaces!
 -> (artifact id: 'aaccf1c7885db8304ea8969109cf5bcb') in 0.050275 seconds 
========================================================================
Received Import Request.
  Time since last request: 0.000035 seconds.
  path: Assets/Tree_Textures/Materials
  artifactKey: Guid(80d06d0ae879c654c866b23fef11d9ef) Importer(2089858483,0ecaa5967403d082aa24f35e1b516d23)
Start importing Assets/Tree_Textures/Materials using Guid(80d06d0ae879c654c866b23fef11d9ef) Importer(2089858483,0ecaa5967403d082aa24f35e1b516d23) Generated GUIDs only implemented for interfaces!
 -> (artifact id: '9f46c051bc93ada72fa60ec9388d66c3') in 0.005320 seconds 
========================================================================
Received Import Request.
  Time since last request: 0.000027 seconds.
  path: Assets/AddOns/MgLEGO Danger Zone/Textures/Stickers
  artifactKey: Guid(799fa0199da3545ba930429482ed88e6) Importer(2089858483,0ecaa5967403d082aa24f35e1b516d23)
Start importing Assets/AddOns/MgLEGO Danger Zone/Textures/Stickers using Guid(799fa0199da3545ba930429482ed88e6) Importer(2089858483,0ecaa5967403d082aa24f35e1b516d23) Generated GUIDs only implemented for interfaces!
 -> (artifact id: 'a0bc31139aed3792b3dc73df22ad202f') in 0.004607 seconds 
========================================================================
Received Import Request.
  Time since last request: 0.000018 seconds.
  path: Assets/AddOns/MgLEGO Danger Zone/Textures/Stickers/Player Green.png
  artifactKey: Guid(2403b0fbdbf9946feb75409493c4fbd4) Importer(2089858483,0ecaa5967403d082aa24f35e1b516d23)
Start importing Assets/AddOns/MgLEGO Danger Zone/Textures/Stickers/Player Green.png using Guid(2403b0fbdbf9946feb75409493c4fbd4) Importer(2089858483,0ecaa5967403d082aa24f35e1b516d23) Generated GUIDs only implemented for interfaces!
 -> (artifact id: 'f80a437607416d9a9fc26c2ee28eb745') in 0.027797 seconds 
========================================================================
Received Import Request.
  Time since last request: 0.000017 seconds.
  path: Assets/AddOns/MgLEGO Danger Zone/Textures/Stickers/Field Athlete Face Win.png
  artifactKey: Guid(b2facc99508d946a0bfb824ce8408a5e) Importer(2089858483,0ecaa5967403d082aa24f35e1b516d23)
Start importing Assets/AddOns/MgLEGO Danger Zone/Textures/Stickers/Field Athlete Face Win.png using Guid(b2facc99508d946a0bfb824ce8408a5e) Importer(2089858483,0ecaa5967403d082aa24f35e1b516d23) Generated GUIDs only implemented for interfaces!
 -> (artifact id: '4d8dc0c85d5bee185e314045dfdbedc4') in 0.013860 seconds 
========================================================================
Received Import Request.
  Time since last request: 0.000018 seconds.
  path: Assets/AddOns/MgLEGO Danger Zone/Prefabs/LEGO Models/Characters/Player Yellow.prefab
  artifactKey: Guid(9e6e6e80f72254ea0a27dd2c21c18852) Importer(2089858483,0ecaa5967403d082aa24f35e1b516d23)
Start importing Assets/AddOns/MgLEGO Danger Zone/Prefabs/LEGO Models/Characters/Player Yellow.prefab using Guid(9e6e6e80f72254ea0a27dd2c21c18852) Importer(2089858483,0ecaa5967403d082aa24f35e1b516d23) Generated GUIDs only implemented for interfaces!
 -> (artifact id: 'ad62946b0988d4b1fd4c7ff6c1910ee3') in 0.018990 seconds 
========================================================================
Received Import Request.
  Time since last request: 0.000022 seconds.
  path: Assets/AddOns/MgLEGO Danger Zone/Textures/Skyboxes/Cartoon Front.png
  artifactKey: Guid(b345cdbce48b7475881a9a49bda0a9c9) Importer(2089858483,0ecaa5967403d082aa24f35e1b516d23)
Start importing Assets/AddOns/MgLEGO Danger Zone/Textures/Skyboxes/Cartoon Front.png using Guid(b345cdbce48b7475881a9a49bda0a9c9) Importer(2089858483,0ecaa5967403d082aa24f35e1b516d23) Generated GUIDs only implemented for interfaces!
 -> (artifact id: 'f647a5597789d3c38fcf7500b6ebf4fe') in 0.020237 seconds 
========================================================================
Received Import Request.
  Time since last request: 0.000029 seconds.
  path: Assets/AddOns/MgLEGO Danger Zone/Textures
  artifactKey: Guid(f2a8a19dd92d34826abd27ca300036b5) Importer(2089858483,0ecaa5967403d082aa24f35e1b516d23)
Start importing Assets/AddOns/MgLEGO Danger Zone/Textures using Guid(f2a8a19dd92d34826abd27ca300036b5) Importer(2089858483,0ecaa5967403d082aa24f35e1b516d23) Generated GUIDs only implemented for interfaces!
 -> (artifact id: 'e69bc5cfe3316f4d0659e669e190757c') in 0.005665 seconds 
========================================================================
Received Import Request.
  Time since last request: 0.000018 seconds.
  path: Assets/AddOns/MgLEGO Danger Zone/Textures/Stickers/Field Athlete Lose.png
  artifactKey: Guid(884eec0fe6ee249a9af936a993dd941d) Importer(2089858483,0ecaa5967403d082aa24f35e1b516d23)
Start importing Assets/AddOns/MgLEGO Danger Zone/Textures/Stickers/Field Athlete Lose.png using Guid(884eec0fe6ee249a9af936a993dd941d) Importer(2089858483,0ecaa5967403d082aa24f35e1b516d23) Generated GUIDs only implemented for interfaces!
 -> (artifact id: 'fa6e9641779e2dde6e9de3d973aa1845') in 0.022898 seconds 
========================================================================
Received Import Request.
  Time since last request: 0.000020 seconds.
  path: Assets/AddOns/MgLEGO Danger Zone/Prefabs/LEGO Models/Contraptions/Speaker.prefab
  artifactKey: Guid(ed65a445305a54b499f30c1351496a6b) Importer(2089858483,0ecaa5967403d082aa24f35e1b516d23)
Start importing Assets/AddOns/MgLEGO Danger Zone/Prefabs/LEGO Models/Contraptions/Speaker.prefab using Guid(ed65a445305a54b499f30c1351496a6b) Importer(2089858483,0ecaa5967403d082aa24f35e1b516d23) Generated GUIDs only implemented for interfaces!
 -> (artifact id: '94474d0423df0e45a5f5244f32fd1879') in 0.043886 seconds 
========================================================================
Received Import Request.
  Time since last request: 0.000032 seconds.
  path: Assets/AddOns/MgLEGO Danger Zone/Materials/Particles
  artifactKey: Guid(ffd3a26dd501748b0a65da829abec6ca) Importer(2089858483,0ecaa5967403d082aa24f35e1b516d23)
Start importing Assets/AddOns/MgLEGO Danger Zone/Materials/Particles using Guid(ffd3a26dd501748b0a65da829abec6ca) Importer(2089858483,0ecaa5967403d082aa24f35e1b516d23) Generated GUIDs only implemented for interfaces!
 -> (artifact id: 'b43badcbbbe131df8c5bcdd7fcdd4125') in 0.004871 seconds 
========================================================================
Received Import Request.
  Time since last request: 0.000036 seconds.
  path: Assets/AddOns/MgLEGO Danger Zone/Materials/Environment/Cartoon Fog.mat
  artifactKey: Guid(4d7f6085d6add48b4bc9b732ae80defc) Importer(2089858483,0ecaa5967403d082aa24f35e1b516d23)
Start importing Assets/AddOns/MgLEGO Danger Zone/Materials/Environment/Cartoon Fog.mat using Guid(4d7f6085d6add48b4bc9b732ae80defc) Importer(2089858483,0ecaa5967403d082aa24f35e1b516d23) Generated GUIDs only implemented for interfaces!
 -> (artifact id: '9840b926ea657b225a0c33b9f5974ebb') in 0.008308 seconds 
========================================================================
Received Import Request.
  Time since last request: 0.000024 seconds.
  path: Assets/AddOns/MgLEGO Danger Zone/Textures/Stickers/Field Athlete Win.png
  artifactKey: Guid(068e06b3720db4744b5cf0a0f99dc401) Importer(2089858483,0ecaa5967403d082aa24f35e1b516d23)
Start importing Assets/AddOns/MgLEGO Danger Zone/Textures/Stickers/Field Athlete Win.png using Guid(068e06b3720db4744b5cf0a0f99dc401) Importer(2089858483,0ecaa5967403d082aa24f35e1b516d23) Generated GUIDs only implemented for interfaces!
 -> (artifact id: '603fbdb72da3a304a2f8114a067d5c1d') in 0.017372 seconds 
========================================================================
Received Import Request.
  Time since last request: 0.000019 seconds.
  path: Assets/AddOns/MgLEGO Danger Zone/Prefabs/Effects/Star.prefab
  artifactKey: Guid(c012a73e9a1264b53b77b955e925b27c) Importer(2089858483,0ecaa5967403d082aa24f35e1b516d23)
Start importing Assets/AddOns/MgLEGO Danger Zone/Prefabs/Effects/Star.prefab using Guid(c012a73e9a1264b53b77b955e925b27c) Importer(2089858483,0ecaa5967403d082aa24f35e1b516d23) Generated GUIDs only implemented for interfaces!
 -> (artifact id: 'b7531e277914b40d09c2e5363b4ffb84') in 0.080262 seconds 
========================================================================
Received Import Request.
  Time since last request: 0.000027 seconds.
  path: Assets/AddOns/MgLEGO Danger Zone/Prefabs/LEGO Models/Pickups/Star.prefab
  artifactKey: Guid(c9ef9ff54592b47aba993af227814939) Importer(2089858483,0ecaa5967403d082aa24f35e1b516d23)
Start importing Assets/AddOns/MgLEGO Danger Zone/Prefabs/LEGO Models/Pickups/Star.prefab using Guid(c9ef9ff54592b47aba993af227814939) Importer(2089858483,0ecaa5967403d082aa24f35e1b516d23) Generated GUIDs only implemented for interfaces!
 -> (artifact id: '6feb33300e9ea785acccd559f25daf1d') in 0.007442 seconds 
========================================================================
Received Import Request.
  Time since last request: 0.000019 seconds.
  path: Assets/AddOns/MgLEGO Danger Zone/Danger Zone Readme.txt
  artifactKey: Guid(500bf72e74951244999bfdd466addba1) Importer(2089858483,0ecaa5967403d082aa24f35e1b516d23)
Start importing Assets/AddOns/MgLEGO Danger Zone/Danger Zone Readme.txt using Guid(500bf72e74951244999bfdd466addba1) Importer(2089858483,0ecaa5967403d082aa24f35e1b516d23) Generated GUIDs only implemented for interfaces!
 -> (artifact id: 'ef22b7471d87c230260e48c0945ee0db') in 0.008609 seconds 
========================================================================
Received Import Request.
  Time since last request: 0.000066 seconds.
  path: Assets/AddOns/MgLEGO Danger Zone/Prefabs/LEGO Models/Contraptions/Big Trophy.prefab
  artifactKey: Guid(d11f4d08226c0497095be1ced347e4ae) Importer(2089858483,0ecaa5967403d082aa24f35e1b516d23)
Start importing Assets/AddOns/MgLEGO Danger Zone/Prefabs/LEGO Models/Contraptions/Big Trophy.prefab using Guid(d11f4d08226c0497095be1ced347e4ae) Importer(2089858483,0ecaa5967403d082aa24f35e1b516d23) Generated GUIDs only implemented for interfaces!
 -> (artifact id: '6ae7fdd1b49b8ad81fd5945397ea8b5c') in 0.064134 seconds 
========================================================================
Received Import Request.
  Time since last request: 0.000023 seconds.
  path: Assets/AddOns/MgLEGO Danger Zone/Prefabs/LEGO Models/Obstacles/Platform Medium.prefab
  artifactKey: Guid(ccb9d6f5f5a8943a494682b851ce2a74) Importer(2089858483,0ecaa5967403d082aa24f35e1b516d23)
Start importing Assets/AddOns/MgLEGO Danger Zone/Prefabs/LEGO Models/Obstacles/Platform Medium.prefab using Guid(ccb9d6f5f5a8943a494682b851ce2a74) Importer(2089858483,0ecaa5967403d082aa24f35e1b516d23) Generated GUIDs only implemented for interfaces!
 -> (artifact id: 'e35dead3a8cab0b03a662f4b72a3df13') in 0.026208 seconds 
========================================================================
Received Import Request.
  Time since last request: 0.000031 seconds.
  path: Assets/AddOns/MgLEGO Danger Zone/Prefabs/LEGO Models/Pickups
  artifactKey: Guid(fe83aea3c2dea426eb472829ed0cea3b) Importer(2089858483,0ecaa5967403d082aa24f35e1b516d23)
Start importing Assets/AddOns/MgLEGO Danger Zone/Prefabs/LEGO Models/Pickups using Guid(fe83aea3c2dea426eb472829ed0cea3b) Importer(2089858483,0ecaa5967403d082aa24f35e1b516d23) Generated GUIDs only implemented for interfaces!
 -> (artifact id: 'a4ed6b6c6548f568d56497088ac017e4') in 0.005643 seconds 
========================================================================
Received Import Request.
  Time since last request: 0.000019 seconds.
  path: Assets/AddOns/MgLEGO Danger Zone/Prefabs/Effects
  artifactKey: Guid(8b1da37820689467faaf2609a024fb6f) Importer(2089858483,0ecaa5967403d082aa24f35e1b516d23)
Start importing Assets/AddOns/MgLEGO Danger Zone/Prefabs/Effects using Guid(8b1da37820689467faaf2609a024fb6f) Importer(2089858483,0ecaa5967403d082aa24f35e1b516d23) Generated GUIDs only implemented for interfaces!
 -> (artifact id: 'b5944414e9ea69927013f85d0d13e13e') in 0.004974 seconds 
========================================================================
Received Import Request.
  Time since last request: 0.000021 seconds.
  path: Assets/AddOns/MgLEGO Danger Zone/Materials
  artifactKey: Guid(065610ded50594ec5891d0a9ca60a4e0) Importer(2089858483,0ecaa5967403d082aa24f35e1b516d23)
Start importing Assets/AddOns/MgLEGO Danger Zone/Materials using Guid(065610ded50594ec5891d0a9ca60a4e0) Importer(2089858483,0ecaa5967403d082aa24f35e1b516d23) Generated GUIDs only implemented for interfaces!
 -> (artifact id: '24a08d6fcca0b4252b08ada4d81c23d3') in 0.004529 seconds 
========================================================================
Received Import Request.
  Time since last request: 0.000029 seconds.
  path: Assets/AddOns/MgLEGO Danger Zone/Prefabs/LEGO Minifigs/Rugby Player.prefab
  artifactKey: Guid(192c805d299d54644b7b256bcae2849c) Importer(2089858483,0ecaa5967403d082aa24f35e1b516d23)
Start importing Assets/AddOns/MgLEGO Danger Zone/Prefabs/LEGO Minifigs/Rugby Player.prefab using Guid(192c805d299d54644b7b256bcae2849c) Importer(2089858483,0ecaa5967403d082aa24f35e1b516d23) Generated GUIDs only implemented for interfaces!
 -> (artifact id: '9061b4a60451b079352b9cf6f0839a9c') in 0.016339 seconds 
========================================================================
Received Import Request.
  Time since last request: 0.000023 seconds.
  path: Assets/AddOns/MgLEGO Danger Zone/Audio/LEGO Behaviour Bricks/Win - Success.ogg
  artifactKey: Guid(fc4773a1698c4485b9b2822b70850755) Importer(2089858483,0ecaa5967403d082aa24f35e1b516d23)
Start importing Assets/AddOns/MgLEGO Danger Zone/Audio/LEGO Behaviour Bricks/Win - Success.ogg using Guid(fc4773a1698c4485b9b2822b70850755) Importer(2089858483,0ecaa5967403d082aa24f35e1b516d23) Generated GUIDs only implemented for interfaces!
 -> (artifact id: 'f52eebd6bc643ee96d54bfa965960003') in 0.030923 seconds 
========================================================================
Received Import Request.
  Time since last request: 0.000021 seconds.
  path: Assets/AddOns
  artifactKey: Guid(746928790e63be14b9de887fc44e7b87) Importer(2089858483,0ecaa5967403d082aa24f35e1b516d23)
Start importing Assets/AddOns using Guid(746928790e63be14b9de887fc44e7b87) Importer(2089858483,0ecaa5967403d082aa24f35e1b516d23) Generated GUIDs only implemented for interfaces!
 -> (artifact id: '2608cedbab50b50cb13a66098e32260a') in 0.005092 seconds 
========================================================================
Received Import Request.
  Time since last request: 0.000022 seconds.
  path: Assets/Tree_Textures/New Material 3.mat
  artifactKey: Guid(1812cdcece3bc7242883ae3cb0d27e30) Importer(2089858483,0ecaa5967403d082aa24f35e1b516d23)
Start importing Assets/Tree_Textures/New Material 3.mat using Guid(1812cdcece3bc7242883ae3cb0d27e30) Importer(2089858483,0ecaa5967403d082aa24f35e1b516d23) Generated GUIDs only implemented for interfaces!
 -> (artifact id: '640683a198236740bb8b18bb3311de43') in 0.008017 seconds 
========================================================================
Received Import Request.
  Time since last request: 0.000022 seconds.
  path: Assets/AddOns/MgLEGO Danger Zone/Audio/LEGO Behaviour Bricks/Music - DJ Brick's Party Mix.ogg
  artifactKey: Guid(f779d2a55e9f348b8a6227eb2f2b37f7) Importer(2089858483,0ecaa5967403d082aa24f35e1b516d23)
Start importing Assets/AddOns/MgLEGO Danger Zone/Audio/LEGO Behaviour Bricks/Music - DJ Brick's Party Mix.ogg using Guid(f779d2a55e9f348b8a6227eb2f2b37f7) Importer(2089858483,0ecaa5967403d082aa24f35e1b516d23) Generated GUIDs only implemented for interfaces!
 -> (artifact id: 'f3f7f0b8f37aaa2d9cdb729a26eb9ae7') in 0.053379 seconds 
========================================================================
Received Import Request.
  Time since last request: 0.000018 seconds.
  path: Assets/AddOns/MgLEGO Danger Zone/Textures/Stickers/Arrow Bent.png
  artifactKey: Guid(2d7303a750a484e73b07cf70cf802c53) Importer(2089858483,0ecaa5967403d082aa24f35e1b516d23)
Start importing Assets/AddOns/MgLEGO Danger Zone/Textures/Stickers/Arrow Bent.png using Guid(2d7303a750a484e73b07cf70cf802c53) Importer(2089858483,0ecaa5967403d082aa24f35e1b516d23) Generated GUIDs only implemented for interfaces!
 -> (artifact id: '7a0242b28cd8446ccafc20e3021bae21') in 0.014991 seconds 
========================================================================
Received Import Request.
  Time since last request: 0.000028 seconds.
  path: Assets/AddOns/MgLEGO Danger Zone/Prefabs/LEGO Minifigs
  artifactKey: Guid(a0e7b60ea300447f3a60ddac910298fc) Importer(2089858483,0ecaa5967403d082aa24f35e1b516d23)
Start importing Assets/AddOns/MgLEGO Danger Zone/Prefabs/LEGO Minifigs using Guid(a0e7b60ea300447f3a60ddac910298fc) Importer(2089858483,0ecaa5967403d082aa24f35e1b516d23) Generated GUIDs only implemented for interfaces!
 -> (artifact id: '585d2c6376a5cfc5a0c7486474e56e2e') in 0.006781 seconds 
========================================================================
Received Import Request.
  Time since last request: 0.000020 seconds.
  path: Assets/AddOns/MgLEGO Danger Zone/Prefabs/LEGO Models/Characters
  artifactKey: Guid(11f994de092c84b16abf33e1b4703455) Importer(2089858483,0ecaa5967403d082aa24f35e1b516d23)
Start importing Assets/AddOns/MgLEGO Danger Zone/Prefabs/LEGO Models/Characters using Guid(11f994de092c84b16abf33e1b4703455) Importer(2089858483,0ecaa5967403d082aa24f35e1b516d23) Generated GUIDs only implemented for interfaces!
 -> (artifact id: '9acc484d87361c20220af8ba2eeb289d') in 0.004189 seconds 
========================================================================
Received Import Request.
  Time since last request: 0.000029 seconds.
  path: Assets/AddOns/MgLEGO Danger Zone/Prefabs/LEGO Models/Contraptions
  artifactKey: Guid(922635959ef924174bae1c993682219e) Importer(2089858483,0ecaa5967403d082aa24f35e1b516d23)
Start importing Assets/AddOns/MgLEGO Danger Zone/Prefabs/LEGO Models/Contraptions using Guid(922635959ef924174bae1c993682219e) Importer(2089858483,0ecaa5967403d082aa24f35e1b516d23) Generated GUIDs only implemented for interfaces!
 -> (artifact id: 'c3e72adffa15a368f7383d6699eb0a81') in 0.005407 seconds 
========================================================================
Received Import Request.
  Time since last request: 0.000061 seconds.
  path: Assets/AddOns/MgLEGO Danger Zone/Scenes
  artifactKey: Guid(639c8d86cbf85490ab80b766d707cc8b) Importer(2089858483,0ecaa5967403d082aa24f35e1b516d23)
Start importing Assets/AddOns/MgLEGO Danger Zone/Scenes using Guid(639c8d86cbf85490ab80b766d707cc8b) Importer(2089858483,0ecaa5967403d082aa24f35e1b516d23) Generated GUIDs only implemented for interfaces!
 -> (artifact id: '3c2a21aaa7325df52ab6aed04ac31fc6') in 0.008750 seconds 
========================================================================
Received Import Request.
  Time since last request: 0.000064 seconds.
  path: Assets/Tree_Textures/Materials/diffuse.mat
  artifactKey: Guid(07a76e8d8ac228446a1bf0c97bc8c863) Importer(2089858483,0ecaa5967403d082aa24f35e1b516d23)
Start importing Assets/Tree_Textures/Materials/diffuse.mat using Guid(07a76e8d8ac228446a1bf0c97bc8c863) Importer(2089858483,0ecaa5967403d082aa24f35e1b516d23) Generated GUIDs only implemented for interfaces!
 -> (artifact id: 'c9868827e4ca6d6681ec135ae020c66c') in 0.007287 seconds 
========================================================================
Received Import Request.
  Time since last request: 0.000024 seconds.
  path: Assets/AddOns/MgLEGO Danger Zone/Materials/Environment
  artifactKey: Guid(ff9185baeaf4a410c8e097d252e7fccd) Importer(2089858483,0ecaa5967403d082aa24f35e1b516d23)
Start importing Assets/AddOns/MgLEGO Danger Zone/Materials/Environment using Guid(ff9185baeaf4a410c8e097d252e7fccd) Importer(2089858483,0ecaa5967403d082aa24f35e1b516d23) Generated GUIDs only implemented for interfaces!
 -> (artifact id: '5bf16a4ff89454f169a0187cf332a381') in 0.004589 seconds 
Editor requested this worker to shutdown with reason: Scaling down because of idle timeout
AssetImportWorker is now disconnected from the server
Process exiting
Exiting without the bug reporter. Application will terminate with return code 0